<?xml version="1.0" encoding="UTF-8"?>
<!-- Generated by org.testng.reporters.JUnitReportReporter -->
<testsuite skipped="0" hostname="DESKTOP-TKCQ9HT" name="docker.Docker" tests="3" failures="0" timestamp="2019-09-29T17:36:02 IST" time="150.704" errors="0">
  <testcase name="ff" time="49.509" classname="docker.Docker"/>
  <testcase name="cc" time="50.493" classname="docker.Docker"/>
  <testcase name="chrome" time="50.702" classname="docker.Docker"/>
</testsuite> <!-- docker.Docker -->
