<?xml version="1.0" encoding="UTF-8"?>
<!-- Generated by org.testng.reporters.JUnitReportReporter -->
<testsuite hostname="DESKTOP-TKCQ9HT" name="testng.Keyword" tests="1" failures="0" timestamp="15 Sep 2019 09:00:38 GMT" time="0.027" errors="0">
  <testcase name="key1" time="0.027" classname="testng.Keyword"/>
</testsuite> <!-- testng.Keyword -->
