<?xml version="1.0" encoding="UTF-8"?>
<!-- Generated by org.testng.reporters.JUnitReportReporter -->
<testsuite skipped="0" hostname="DESKTOP-TKCQ9HT" name="sikuli.Download" tests="1" failures="0" timestamp="2019-11-03T21:03:23 IST" time="28.716" errors="0">
  <testcase name="download" time="28.716" classname="sikuli.Download"/>
</testsuite> <!-- sikuli.Download -->
