<?xml version="1.0" encoding="UTF-8"?>
<!-- Generated by org.testng.reporters.JUnitReportReporter -->
<testsuite skipped="0" hostname="DESKTOP-TKCQ9HT" name="selenium_java_Concepts.PageTest_Singleton" tests="2" failures="0" timestamp="2019-11-23T12:38:39 IST" time="3.022" errors="0">
  <testcase name="method2" time="1.747" classname="selenium_java_Concepts.PageTest_Singleton"/>
  <testcase name="method1" time="1.275" classname="selenium_java_Concepts.PageTest_Singleton"/>
</testsuite> <!-- selenium_java_Concepts.PageTest_Singleton -->
