<?xml version="1.0" encoding="UTF-8"?>
<!-- Generated by org.testng.reporters.JUnitReportReporter -->
<testsuite hostname="DESKTOP-TKCQ9HT" name="testng.TestClass" tests="1" failures="0" timestamp="8 Sep 2019 06:32:30 GMT" time="0.015" errors="0">
  <testcase name="passMethod" time="0.015" classname="testng.TestClass"/>
</testsuite> <!-- testng.TestClass -->
