<?xml version="1.0" encoding="UTF-8"?>
<!-- Generated by org.testng.reporters.JUnitReportReporter -->
<testsuite skipped="0" hostname="DESKTOP-TKCQ9HT" name="selenium_java_Concepts.ReadMail" tests="1" failures="0" timestamp="2019-12-02T22:49:21 IST" time="0.059" errors="0">
  <testcase name="read" time="0.059" classname="selenium_java_Concepts.ReadMail"/>
</testsuite> <!-- selenium_java_Concepts.ReadMail -->
