<?xml version="1.0" encoding="UTF-8"?>
<!-- Generated by org.testng.reporters.JUnitReportReporter -->
<testsuite skipped="0" hostname="DESKTOP-TKCQ9HT" name="testng.Docker" tests="3" failures="0" timestamp="2019-09-28T14:49:51 IST" time="235.551" errors="0">
  <testcase name="ff" time="88.245" classname="testng.Docker"/>
  <testcase name="cc" time="68.731" classname="testng.Docker"/>
  <testcase name="chrome" time="78.575" classname="testng.Docker"/>
</testsuite> <!-- testng.Docker -->
