<?xml version="1.0" encoding="UTF-8"?>
<!-- Generated by org.testng.reporters.JUnitReportReporter -->
<testsuite skipped="0" hostname="DESKTOP-TKCQ9HT" name="testng.ExceptionTest" tests="4" failures="0" timestamp="2019-09-15T16:37:01 IST" time="0.016" errors="0">
  <testcase name="exceptionTestOne" time="0.000" classname="testng.ExceptionTest"/>
  <testcase name="exceptionTestTwo" time="0.016" classname="testng.ExceptionTest"/>
  <testcase name="exceptionTestTwo" time="0.000" classname="testng.ExceptionTest"/>
  <testcase name="exceptionTestThree" time="0.000" classname="testng.ExceptionTest"/>
</testsuite> <!-- testng.ExceptionTest -->
