<?xml version="1.0" encoding="UTF-8"?>
<!-- Generated by org.testng.reporters.JUnitReportReporter -->
<testsuite skipped="0" hostname="DESKTOP-TKCQ9HT" name="selenium_java_Concepts.SendeMail" tests="1" failures="0" timestamp="2019-12-02T22:44:39 IST" time="0.040" errors="0">
  <testcase name="auService" time="0.040" classname="selenium_java_Concepts.SendeMail"/>
</testsuite> <!-- selenium_java_Concepts.SendeMail -->
